error: 2023-11-30T13:39:47.032Z: Could not connect to any servers in your MongoDB Atlas cluster. One common reason is that you're trying to access the database from an IP that isn't whitelisted. Make sure your current IP address is on your Atlas cluster's IP whitelist: https://www.mongodb.com/docs/atlas/security-whitelist/

        MongooseServerSelectionError: Could not connect to any servers in your MongoDB Atlas cluster. One common reason is that you're trying to access the database from an IP that isn't whitelisted. Make sure your current IP address is on your Atlas cluster's IP whitelist: https://www.mongodb.com/docs/atlas/security-whitelist/
    at _handleConnectionErrors (C:\Users\FATEC ZONA LESTE\Documents\Legato\legato\server\node_modules\mongoose\lib\connection.js:805:11)
    at NativeConnection.openUri (C:\Users\FATEC ZONA LESTE\Documents\Legato\legato\server\node_modules\mongoose\lib\connection.js:780:11)
    at processTicksAndRejections (node:internal/process/task_queues:95:5)

error: 2023-11-30T13:42:56.346Z: Could not connect to any servers in your MongoDB Atlas cluster. One common reason is that you're trying to access the database from an IP that isn't whitelisted. Make sure your current IP address is on your Atlas cluster's IP whitelist: https://www.mongodb.com/docs/atlas/security-whitelist/

        MongooseServerSelectionError: Could not connect to any servers in your MongoDB Atlas cluster. One common reason is that you're trying to access the database from an IP that isn't whitelisted. Make sure your current IP address is on your Atlas cluster's IP whitelist: https://www.mongodb.com/docs/atlas/security-whitelist/
    at _handleConnectionErrors (C:\Users\FATEC ZONA LESTE\Documents\Legato\legato\server\node_modules\mongoose\lib\connection.js:805:11)
    at NativeConnection.openUri (C:\Users\FATEC ZONA LESTE\Documents\Legato\legato\server\node_modules\mongoose\lib\connection.js:780:11)
    at processTicksAndRejections (node:internal/process/task_queues:95:5)

error: 2023-11-30T13:56:52.419Z: Could not connect to any servers in your MongoDB Atlas cluster. One common reason is that you're trying to access the database from an IP that isn't whitelisted. Make sure your current IP address is on your Atlas cluster's IP whitelist: https://www.mongodb.com/docs/atlas/security-whitelist/

        MongooseServerSelectionError: Could not connect to any servers in your MongoDB Atlas cluster. One common reason is that you're trying to access the database from an IP that isn't whitelisted. Make sure your current IP address is on your Atlas cluster's IP whitelist: https://www.mongodb.com/docs/atlas/security-whitelist/
    at _handleConnectionErrors (C:\Users\FATEC ZONA LESTE\Documents\Legato\legato\server\node_modules\mongoose\lib\connection.js:805:11)
    at NativeConnection.openUri (C:\Users\FATEC ZONA LESTE\Documents\Legato\legato\server\node_modules\mongoose\lib\connection.js:780:11)
    at processTicksAndRejections (node:internal/process/task_queues:95:5)

error: 2023-11-30T13:59:29.519Z: Could not connect to any servers in your MongoDB Atlas cluster. One common reason is that you're trying to access the database from an IP that isn't whitelisted. Make sure your current IP address is on your Atlas cluster's IP whitelist: https://www.mongodb.com/docs/atlas/security-whitelist/

        MongooseServerSelectionError: Could not connect to any servers in your MongoDB Atlas cluster. One common reason is that you're trying to access the database from an IP that isn't whitelisted. Make sure your current IP address is on your Atlas cluster's IP whitelist: https://www.mongodb.com/docs/atlas/security-whitelist/
    at _handleConnectionErrors (C:\Users\FATEC ZONA LESTE\Documents\Legato\legato\server\node_modules\mongoose\lib\connection.js:805:11)
    at NativeConnection.openUri (C:\Users\FATEC ZONA LESTE\Documents\Legato\legato\server\node_modules\mongoose\lib\connection.js:780:11)
    at processTicksAndRejections (node:internal/process/task_queues:95:5)

error: 2023-11-30T14:00:25.640Z: Could not connect to any servers in your MongoDB Atlas cluster. One common reason is that you're trying to access the database from an IP that isn't whitelisted. Make sure your current IP address is on your Atlas cluster's IP whitelist: https://www.mongodb.com/docs/atlas/security-whitelist/

        MongooseServerSelectionError: Could not connect to any servers in your MongoDB Atlas cluster. One common reason is that you're trying to access the database from an IP that isn't whitelisted. Make sure your current IP address is on your Atlas cluster's IP whitelist: https://www.mongodb.com/docs/atlas/security-whitelist/
    at _handleConnectionErrors (C:\Users\FATEC ZONA LESTE\Documents\Legato\legato\server\node_modules\mongoose\lib\connection.js:805:11)
    at NativeConnection.openUri (C:\Users\FATEC ZONA LESTE\Documents\Legato\legato\server\node_modules\mongoose\lib\connection.js:780:11)
    at processTicksAndRejections (node:internal/process/task_queues:95:5)

